c:\users\alexander.armst\documents\test\programming\users\alexander.armst\alexgame(gunrun)\game backup\debug\vc140.pdb
c:\users\alexander.armst\documents\test\programming\users\alexander.armst\alexgame(gunrun)\game backup\debug\vc140.idb
c:\users\alexander.armst\documents\test\programming\users\alexander.armst\alexgame(gunrun)\game backup\debug\baseapplication.obj
c:\users\alexander.armst\documents\test\programming\users\alexander.armst\alexgame(gunrun)\game backup\debug\cursor.obj
c:\users\alexander.armst\documents\test\programming\users\alexander.armst\alexgame(gunrun)\game backup\debug\dijkstra.obj
c:\users\alexander.armst\documents\test\programming\users\alexander.armst\alexgame(gunrun)\game backup\debug\font.obj
c:\users\alexander.armst\documents\test\programming\users\alexander.armst\alexgame(gunrun)\game backup\debug\gameobject.obj
c:\users\alexander.armst\documents\test\programming\users\alexander.armst\alexgame(gunrun)\game backup\debug\main.obj
c:\users\alexander.armst\documents\test\programming\users\alexander.armst\alexgame(gunrun)\game backup\debug\application2d.obj
c:\users\alexander.armst\documents\test\programming\users\alexander.armst\alexgame(gunrun)\game backup\debug\spritebatch.obj
c:\users\alexander.armst\documents\test\programming\users\alexander.armst\alexgame(gunrun)\game backup\debug\texture.obj
c:\users\alexander.armst\documents\test\programming\users\alexander.armst\alexgame(gunrun)\game backup\debug\gl_core_4_4.obj
c:\users\alexander.armst\documents\test\programming\users\alexander.armst\alexgame(gunrun)\game backup\bin\aieopengl_d.ilk
c:\users\alexander.armst\documents\test\programming\users\alexander.armst\alexgame(gunrun)\game backup\bin\aieopengl_d.exe
c:\users\alexander.armst\documents\test\programming\users\alexander.armst\alexgame(gunrun)\game backup\bin\aieopengl_d.pdb
c:\users\alexander.armst\documents\test\programming\users\alexander.armst\alexgame(gunrun)\game backup\debug\aieopengl.res
c:\users\alexander.armst\documents\test\programming\users\alexander.armst\alexgame(gunrun)\game backup\debug\mathlibrary.pdb
c:\users\alexander.armst\documents\test\programming\users\alexander.armst\alexgame(gunrun)\game backup\debug\aieopengl.tlog\cl.command.1.tlog
c:\users\alexander.armst\documents\test\programming\users\alexander.armst\alexgame(gunrun)\game backup\debug\aieopengl.tlog\cl.read.1.tlog
c:\users\alexander.armst\documents\test\programming\users\alexander.armst\alexgame(gunrun)\game backup\debug\aieopengl.tlog\cl.write.1.tlog
c:\users\alexander.armst\documents\test\programming\users\alexander.armst\alexgame(gunrun)\game backup\debug\aieopengl.tlog\link.command.1.tlog
c:\users\alexander.armst\documents\test\programming\users\alexander.armst\alexgame(gunrun)\game backup\debug\aieopengl.tlog\link.read.1.tlog
c:\users\alexander.armst\documents\test\programming\users\alexander.armst\alexgame(gunrun)\game backup\debug\aieopengl.tlog\link.write.1.tlog
c:\users\alexander.armst\documents\test\programming\users\alexander.armst\alexgame(gunrun)\game backup\debug\aieopengl.tlog\rc.command.1.tlog
c:\users\alexander.armst\documents\test\programming\users\alexander.armst\alexgame(gunrun)\game backup\debug\aieopengl.tlog\rc.read.1.tlog
c:\users\alexander.armst\documents\test\programming\users\alexander.armst\alexgame(gunrun)\game backup\debug\aieopengl.tlog\rc.write.1.tlog
