  MathsLibrary.cpp
MathsLibrary.cpp(26): warning C4244: 'return': conversion from 'double' to 'float', possible loss of data
MathsLibrary.cpp(31): warning C4244: 'argument': conversion from 'double' to 'float', possible loss of data
  Matrix2.cpp
Matrix2.cpp(52): warning C4244: 'initializing': conversion from 'double' to 'float', possible loss of data
Matrix2.cpp(53): warning C4244: 'initializing': conversion from 'double' to 'float', possible loss of data
  Matrix3.cpp
Matrix3.cpp(66): warning C4244: 'initializing': conversion from 'double' to 'float', possible loss of data
Matrix3.cpp(67): warning C4244: 'initializing': conversion from 'double' to 'float', possible loss of data
Matrix3.cpp(77): warning C4244: 'initializing': conversion from 'double' to 'float', possible loss of data
Matrix3.cpp(78): warning C4244: 'initializing': conversion from 'double' to 'float', possible loss of data
Matrix3.cpp(90): warning C4244: 'initializing': conversion from 'double' to 'float', possible loss of data
Matrix3.cpp(91): warning C4244: 'initializing': conversion from 'double' to 'float', possible loss of data
  Matrix4.cpp
Matrix4.cpp(80): warning C4244: 'initializing': conversion from 'double' to 'float', possible loss of data
Matrix4.cpp(81): warning C4244: 'initializing': conversion from 'double' to 'float', possible loss of data
Matrix4.cpp(91): warning C4244: 'initializing': conversion from 'double' to 'float', possible loss of data
Matrix4.cpp(92): warning C4244: 'initializing': conversion from 'double' to 'float', possible loss of data
Matrix4.cpp(102): warning C4244: 'initializing': conversion from 'double' to 'float', possible loss of data
Matrix4.cpp(103): warning C4244: 'initializing': conversion from 'double' to 'float', possible loss of data
  Vector2.cpp
Vector2.cpp(62): warning C4244: 'return': conversion from 'double' to 'float', possible loss of data
  Vector3.cpp
Vector3.cpp(53): warning C4244: 'return': conversion from 'double' to 'float', possible loss of data
  Vector4.cpp
Vector4.cpp(61): warning C4244: 'return': conversion from 'double' to 'float', possible loss of data
  MathLibrary.vcxproj -> C:\Users\alexander.armst\Documents\test\Programming\Users\alexander.armst\AlexGame(GunRun)\Game backup\Release\MathLibrary.lib
