c:\users\alexander.armst\documents\test\programming\users\alexander.armst\alexgame(gunrun)\game backup\release\vc140.pdb
c:\users\alexander.armst\documents\test\programming\users\alexander.armst\alexgame(gunrun)\game backup\release\texture.obj
c:\users\alexander.armst\documents\test\programming\users\alexander.armst\alexgame(gunrun)\game backup\release\spritebatch.obj
c:\users\alexander.armst\documents\test\programming\users\alexander.armst\alexgame(gunrun)\game backup\release\application2d.obj
c:\users\alexander.armst\documents\test\programming\users\alexander.armst\alexgame(gunrun)\game backup\release\main.obj
c:\users\alexander.armst\documents\test\programming\users\alexander.armst\alexgame(gunrun)\game backup\release\gameobject.obj
c:\users\alexander.armst\documents\test\programming\users\alexander.armst\alexgame(gunrun)\game backup\release\font.obj
c:\users\alexander.armst\documents\test\programming\users\alexander.armst\alexgame(gunrun)\game backup\release\cursor.obj
c:\users\alexander.armst\documents\test\programming\users\alexander.armst\alexgame(gunrun)\game backup\release\baseapplication.obj
c:\users\alexander.armst\documents\test\programming\users\alexander.armst\alexgame(gunrun)\game backup\release\gl_core_4_4.obj
c:\users\alexander.armst\documents\test\programming\users\alexander.armst\alexgame(gunrun)\game backup\bin\aieopengl.exe
c:\users\alexander.armst\documents\test\programming\users\alexander.armst\alexgame(gunrun)\game backup\bin\aieopengl.ipdb
c:\users\alexander.armst\documents\test\programming\users\alexander.armst\alexgame(gunrun)\game backup\bin\aieopengl.iobj
c:\users\alexander.armst\documents\test\programming\users\alexander.armst\alexgame(gunrun)\game backup\bin\aieopengl.pdb
c:\users\alexander.armst\documents\test\programming\users\alexander.armst\alexgame(gunrun)\game backup\release\aieopengl.tlog\cl.command.1.tlog
c:\users\alexander.armst\documents\test\programming\users\alexander.armst\alexgame(gunrun)\game backup\release\aieopengl.tlog\cl.read.1.tlog
c:\users\alexander.armst\documents\test\programming\users\alexander.armst\alexgame(gunrun)\game backup\release\aieopengl.tlog\cl.write.1.tlog
c:\users\alexander.armst\documents\test\programming\users\alexander.armst\alexgame(gunrun)\game backup\release\aieopengl.tlog\link.command.1.tlog
c:\users\alexander.armst\documents\test\programming\users\alexander.armst\alexgame(gunrun)\game backup\release\aieopengl.tlog\link.read.1.tlog
c:\users\alexander.armst\documents\test\programming\users\alexander.armst\alexgame(gunrun)\game backup\release\aieopengl.tlog\link.write.1.tlog
